<?xml version="1.0" encoding="UTF-8"?>
<!-- Generated by org.testng.reporters.JUnitXMLReporter -->
<testsuite hostname="Ядерныйрекатор" name="Command line test" tests="11" failures="1" timestamp="9 Mar 2017 15:38:26 GMT" time="68.628" errors="0">
  <testcase name="CheckDisabledNextPage" time="9.184" classname="ForTests.SeleniumTest"/>
  <testcase name="CheckDisabledPreviousPage" time="1.306" classname="ForTests.SeleniumTest"/>
  <testcase name="CheckNotDisabledNextPage" time="0.615" classname="ForTests.SeleniumTest"/>
  <testcase name="CheckNotDisabledPreviousPage" time="0.847" classname="ForTests.SeleniumTest"/>
  <testcase name="CreateContact" time="3.254" classname="ForTests.SeleniumTest"/>
  <testcase name="CreateContactWithoutAllField" time="2.454" classname="ForTests.SeleniumTest">
    <failure type="java.lang.AssertionError" message="expected [252] but found [251]">
      <![CDATA[java.lang.AssertionError: expected [252] but found [251]
	at ForTests.SeleniumTest.CreateContactWithoutAllField(SeleniumTest.java:261)
... Removed 38 stack frames]]>
    </failure>
  </testcase> <!-- CreateContactWithoutAllField -->
  <testcase name="CreateContactWithoutBirthday" time="1.814" classname="ForTests.SeleniumTest"/>
  <testcase name="changeAddress" time="2.012" classname="ForTests.SeleniumTest"/>
  <testcase name="changeBirthday" time="4.8" classname="ForTests.SeleniumTest"/>
  <testcase name="changeBirthdayFalseMonth" time="13.635" classname="ForTests.SeleniumTest"/>
  <testcase name="changeName" time="3.068" classname="ForTests.SeleniumTest"/>
</testsuite> <!-- Command line test -->
