<?xml version="1.0" encoding="UTF-8"?>
<testng-results skipped="0" failed="1" total="11" passed="10">
  <reporter-output>
  </reporter-output>
  <suite name="ForTests.SeleniumTest" duration-ms="68628" started-at="2017-03-09T15:37:18Z" finished-at="2017-03-09T15:38:26Z">
    <groups>
    </groups>
    <test name="Command line test" duration-ms="68628" started-at="2017-03-09T15:37:18Z" finished-at="2017-03-09T15:38:26Z">
      <class name="ForTests.SeleniumTest">
        <test-method status="PASS" signature="setUp()[pri:0, instance:ForTests.SeleniumTest@4157f54e]" name="setUp" is-config="true" duration-ms="24608" started-at="2017-03-09T18:37:18Z" finished-at="2017-03-09T18:37:42Z">
          <reporter-output>
          </reporter-output>
        </test-method> <!-- setUp -->
        <test-method status="PASS" signature="CheckDisabledNextPage()[pri:0, instance:ForTests.SeleniumTest@4157f54e]" name="CheckDisabledNextPage" duration-ms="9184" started-at="2017-03-09T18:37:42Z" finished-at="2017-03-09T18:37:52Z">
          <reporter-output>
          </reporter-output>
        </test-method> <!-- CheckDisabledNextPage -->
        <test-method status="PASS" signature="CheckDisabledPreviousPage()[pri:0, instance:ForTests.SeleniumTest@4157f54e]" name="CheckDisabledPreviousPage" duration-ms="1306" started-at="2017-03-09T18:37:52Z" finished-at="2017-03-09T18:37:53Z">
          <reporter-output>
          </reporter-output>
        </test-method> <!-- CheckDisabledPreviousPage -->
        <test-method status="PASS" signature="CheckNotDisabledNextPage()[pri:0, instance:ForTests.SeleniumTest@4157f54e]" name="CheckNotDisabledNextPage" duration-ms="615" started-at="2017-03-09T18:37:53Z" finished-at="2017-03-09T18:37:54Z">
          <reporter-output>
          </reporter-output>
        </test-method> <!-- CheckNotDisabledNextPage -->
        <test-method status="PASS" signature="CheckNotDisabledPreviousPage()[pri:0, instance:ForTests.SeleniumTest@4157f54e]" name="CheckNotDisabledPreviousPage" duration-ms="847" started-at="2017-03-09T18:37:54Z" finished-at="2017-03-09T18:37:54Z">
          <reporter-output>
          </reporter-output>
        </test-method> <!-- CheckNotDisabledPreviousPage -->
        <test-method status="PASS" signature="CreateContact()[pri:0, instance:ForTests.SeleniumTest@4157f54e]" name="CreateContact" duration-ms="3254" started-at="2017-03-09T18:37:54Z" finished-at="2017-03-09T18:37:58Z">
          <reporter-output>
          </reporter-output>
        </test-method> <!-- CreateContact -->
        <test-method status="FAIL" signature="CreateContactWithoutAllField()[pri:0, instance:ForTests.SeleniumTest@4157f54e]" name="CreateContactWithoutAllField" duration-ms="2454" started-at="2017-03-09T18:37:58Z" finished-at="2017-03-09T18:38:00Z">
          <exception class="java.lang.AssertionError">
            <message>
              <![CDATA[expected [252] but found [251]]]>
            </message>
            <full-stacktrace>
              <![CDATA[java.lang.AssertionError: expected [252] but found [251]
	at org.testng.Assert.fail(Assert.java:94)
	at org.testng.Assert.failNotEquals(Assert.java:496)
	at org.testng.Assert.assertEquals(Assert.java:125)
	at org.testng.Assert.assertEquals(Assert.java:372)
	at org.testng.Assert.assertEquals(Assert.java:382)
	at ForTests.SeleniumTest.CreateContactWithoutAllField(SeleniumTest.java:261)
	at sun.reflect.NativeMethodAccessorImpl.invoke0(Native Method)
	at sun.reflect.NativeMethodAccessorImpl.invoke(NativeMethodAccessorImpl.java:62)
	at sun.reflect.DelegatingMethodAccessorImpl.invoke(DelegatingMethodAccessorImpl.java:43)
	at java.lang.reflect.Method.invoke(Method.java:498)
	at org.testng.internal.MethodInvocationHelper.invokeMethod(MethodInvocationHelper.java:85)
	at org.testng.internal.Invoker.invokeMethod(Invoker.java:639)
	at org.testng.internal.Invoker.invokeTestMethod(Invoker.java:821)
	at org.testng.internal.Invoker.invokeTestMethods(Invoker.java:1131)
	at org.testng.internal.TestMethodWorker.invokeTestMethods(TestMethodWorker.java:124)
	at org.testng.internal.TestMethodWorker.run(TestMethodWorker.java:108)
	at org.testng.TestRunner.privateRun(TestRunner.java:773)
	at org.testng.TestRunner.run(TestRunner.java:623)
	at org.testng.SuiteRunner.runTest(SuiteRunner.java:357)
	at org.testng.SuiteRunner.runSequentially(SuiteRunner.java:352)
	at org.testng.SuiteRunner.privateRun(SuiteRunner.java:310)
	at org.testng.SuiteRunner.run(SuiteRunner.java:259)
	at org.testng.SuiteRunnerWorker.runSuite(SuiteRunnerWorker.java:52)
	at org.testng.SuiteRunnerWorker.run(SuiteRunnerWorker.java:86)
	at org.testng.TestNG.runSuitesSequentially(TestNG.java:1185)
	at org.testng.TestNG.runSuitesLocally(TestNG.java:1110)
	at org.testng.TestNG.run(TestNG.java:1018)
	at org.apache.maven.surefire.testng.TestNGExecutor.run(TestNGExecutor.java:77)
	at org.apache.maven.surefire.testng.TestNGDirectoryTestSuite.execute(TestNGDirectoryTestSuite.java:110)
	at org.apache.maven.surefire.testng.TestNGProvider.invoke(TestNGProvider.java:106)
	at sun.reflect.NativeMethodAccessorImpl.invoke0(Native Method)
	at sun.reflect.NativeMethodAccessorImpl.invoke(NativeMethodAccessorImpl.java:62)
	at sun.reflect.DelegatingMethodAccessorImpl.invoke(DelegatingMethodAccessorImpl.java:43)
	at java.lang.reflect.Method.invoke(Method.java:498)
	at org.apache.maven.surefire.util.ReflectionUtils.invokeMethodWithArray(ReflectionUtils.java:189)
	at org.apache.maven.surefire.booter.ProviderFactory$ProviderProxy.invoke(ProviderFactory.java:165)
	at org.apache.maven.surefire.booter.ProviderFactory.invokeProvider(ProviderFactory.java:85)
	at org.apache.maven.surefire.booter.ForkedBooter.runSuitesInProcess(ForkedBooter.java:115)
	at org.apache.maven.surefire.booter.ForkedBooter.main(ForkedBooter.java:75)
]]>
            </full-stacktrace>
          </exception> <!-- java.lang.AssertionError -->
          <reporter-output>
          </reporter-output>
        </test-method> <!-- CreateContactWithoutAllField -->
        <test-method status="PASS" signature="CreateContactWithoutBirthday()[pri:0, instance:ForTests.SeleniumTest@4157f54e]" name="CreateContactWithoutBirthday" duration-ms="1814" started-at="2017-03-09T18:38:00Z" finished-at="2017-03-09T18:38:02Z">
          <reporter-output>
          </reporter-output>
        </test-method> <!-- CreateContactWithoutBirthday -->
        <test-method status="PASS" signature="changeAddress()[pri:0, instance:ForTests.SeleniumTest@4157f54e]" name="changeAddress" duration-ms="2012" started-at="2017-03-09T18:38:02Z" finished-at="2017-03-09T18:38:04Z">
          <reporter-output>
          </reporter-output>
        </test-method> <!-- changeAddress -->
        <test-method status="PASS" signature="changeBirthday()[pri:0, instance:ForTests.SeleniumTest@4157f54e]" name="changeBirthday" duration-ms="4800" started-at="2017-03-09T18:38:04Z" finished-at="2017-03-09T18:38:09Z">
          <reporter-output>
          </reporter-output>
        </test-method> <!-- changeBirthday -->
        <test-method status="PASS" signature="changeBirthdayFalseMonth()[pri:0, instance:ForTests.SeleniumTest@4157f54e]" name="changeBirthdayFalseMonth" duration-ms="13635" started-at="2017-03-09T18:38:09Z" finished-at="2017-03-09T18:38:22Z">
          <reporter-output>
          </reporter-output>
        </test-method> <!-- changeBirthdayFalseMonth -->
        <test-method status="PASS" signature="changeName()[pri:0, instance:ForTests.SeleniumTest@4157f54e]" name="changeName" duration-ms="3068" started-at="2017-03-09T18:38:22Z" finished-at="2017-03-09T18:38:25Z">
          <reporter-output>
          </reporter-output>
        </test-method> <!-- changeName -->
        <test-method status="PASS" signature="tearDown()[pri:0, instance:ForTests.SeleniumTest@4157f54e]" name="tearDown" is-config="true" duration-ms="781" started-at="2017-03-09T18:38:25Z" finished-at="2017-03-09T18:38:26Z">
          <reporter-output>
          </reporter-output>
        </test-method> <!-- tearDown -->
      </class> <!-- ForTests.SeleniumTest -->
    </test> <!-- Command line test -->
  </suite> <!-- ForTests.SeleniumTest -->
</testng-results>
